error: uncaughtException: Cannot find module 'nodemailer'
Require stack:
- C:\Users\johan\OneDrive\Desktop\Projects\Ethiopian_Recipe_Share\backend\src\utils\email.ts
- C:\Users\johan\OneDrive\Desktop\Projects\Ethiopian_Recipe_Share\backend\src\controllers\auth.controller.ts
- C:\Users\johan\OneDrive\Desktop\Projects\Ethiopian_Recipe_Share\backend\src\routes\index.ts
- C:\Users\johan\OneDrive\Desktop\Projects\Ethiopian_Recipe_Share\backend\src\app.ts
- C:\Users\johan\OneDrive\Desktop\Projects\Ethiopian_Recipe_Share\backend\src\index.ts
Error: Cannot find module 'nodemailer'
Require stack:
- C:\Users\johan\OneDrive\Desktop\Projects\Ethiopian_Recipe_Share\backend\src\utils\email.ts
- C:\Users\johan\OneDrive\Desktop\Projects\Ethiopian_Recipe_Share\backend\src\controllers\auth.controller.ts
- C:\Users\johan\OneDrive\Desktop\Projects\Ethiopian_Recipe_Share\backend\src\routes\index.ts
- C:\Users\johan\OneDrive\Desktop\Projects\Ethiopian_Recipe_Share\backend\src\app.ts
- C:\Users\johan\OneDrive\Desktop\Projects\Ethiopian_Recipe_Share\backend\src\index.ts
    at Module.<anonymous> (node:internal/modules/cjs/loader:1405:15)
    at Module._resolveFilename (C:\Users\johan\OneDrive\Desktop\Projects\Ethiopian_Recipe_Share\backend\node_modules\tsconfig-paths\src\register.ts:115:36)
    at Module._resolveFilename (C:\Users\johan\OneDrive\Desktop\Projects\Ethiopian_Recipe_Share\backend\node_modules\module-alias\index.js:49:29)
    at defaultResolveImpl (node:internal/modules/cjs/loader:1061:19)
    at resolveForCJSWithHooks (node:internal/modules/cjs/loader:1066:22)
    at Module._load (node:internal/modules/cjs/loader:1215:37)
    at TracingChannel.traceSync (node:diagnostics_channel:322:14)
    at wrapModuleLoad (node:internal/modules/cjs/loader:235:24)
    at Module.require (node:internal/modules/cjs/loader:1491:12)
    at require (node:internal/modules/helpers:135:16) {"date":"Fri May 30 2025 14:53:44 GMT+0300 (East Africa Time)","error":{"code":"MODULE_NOT_FOUND","requireStack":["C:\\Users\\johan\\OneDrive\\Desktop\\Projects\\Ethiopian_Recipe_Share\\backend\\src\\utils\\email.ts","C:\\Users\\johan\\OneDrive\\Desktop\\Projects\\Ethiopian_Recipe_Share\\backend\\src\\controllers\\auth.controller.ts","C:\\Users\\johan\\OneDrive\\Desktop\\Projects\\Ethiopian_Recipe_Share\\backend\\src\\routes\\index.ts","C:\\Users\\johan\\OneDrive\\Desktop\\Projects\\Ethiopian_Recipe_Share\\backend\\src\\app.ts","C:\\Users\\johan\\OneDrive\\Desktop\\Projects\\Ethiopian_Recipe_Share\\backend\\src\\index.ts"]},"exception":true,"os":{"loadavg":[0,0,0],"uptime":76109.921},"process":{"argv":["C:\\nvm4w\\nodejs\\node.exe","src/index.ts"],"cwd":"C:\\Users\\johan\\OneDrive\\Desktop\\Projects\\Ethiopian_Recipe_Share\\backend","execPath":"C:\\nvm4w\\nodejs\\node.exe","gid":null,"memoryUsage":{"arrayBuffers":18425754,"external":20705160,"heapTotal":58277888,"heapUsed":37763200,"rss":97050624},"pid":49284,"uid":null,"version":"v24.0.2"},"stack":"Error: Cannot find module 'nodemailer'\nRequire stack:\n- C:\\Users\\johan\\OneDrive\\Desktop\\Projects\\Ethiopian_Recipe_Share\\backend\\src\\utils\\email.ts\n- C:\\Users\\johan\\OneDrive\\Desktop\\Projects\\Ethiopian_Recipe_Share\\backend\\src\\controllers\\auth.controller.ts\n- C:\\Users\\johan\\OneDrive\\Desktop\\Projects\\Ethiopian_Recipe_Share\\backend\\src\\routes\\index.ts\n- C:\\Users\\johan\\OneDrive\\Desktop\\Projects\\Ethiopian_Recipe_Share\\backend\\src\\app.ts\n- C:\\Users\\johan\\OneDrive\\Desktop\\Projects\\Ethiopian_Recipe_Share\\backend\\src\\index.ts\n    at Module.<anonymous> (node:internal/modules/cjs/loader:1405:15)\n    at Module._resolveFilename (C:\\Users\\johan\\OneDrive\\Desktop\\Projects\\Ethiopian_Recipe_Share\\backend\\node_modules\\tsconfig-paths\\src\\register.ts:115:36)\n    at Module._resolveFilename (C:\\Users\\johan\\OneDrive\\Desktop\\Projects\\Ethiopian_Recipe_Share\\backend\\node_modules\\module-alias\\index.js:49:29)\n    at defaultResolveImpl (node:internal/modules/cjs/loader:1061:19)\n    at resolveForCJSWithHooks (node:internal/modules/cjs/loader:1066:22)\n    at Module._load (node:internal/modules/cjs/loader:1215:37)\n    at TracingChannel.traceSync (node:diagnostics_channel:322:14)\n    at wrapModuleLoad (node:internal/modules/cjs/loader:235:24)\n    at Module.require (node:internal/modules/cjs/loader:1491:12)\n    at require (node:internal/modules/helpers:135:16)","timestamp":"2025-05-30 14:53:44","trace":[{"column":15,"file":"node:internal/modules/cjs/loader","function":null,"line":1405,"method":null,"native":false},{"column":36,"file":"C:\\Users\\johan\\OneDrive\\Desktop\\Projects\\Ethiopian_Recipe_Share\\backend\\node_modules\\tsconfig-paths\\src\\register.ts","function":"Module._resolveFilename","line":115,"method":"_resolveFilename","native":false},{"column":29,"file":"C:\\Users\\johan\\OneDrive\\Desktop\\Projects\\Ethiopian_Recipe_Share\\backend\\node_modules\\module-alias\\index.js","function":"Module._resolveFilename","line":49,"method":"_resolveFilename","native":false},{"column":19,"file":"node:internal/modules/cjs/loader","function":"defaultResolveImpl","line":1061,"method":null,"native":false},{"column":22,"file":"node:internal/modules/cjs/loader","function":"resolveForCJSWithHooks","line":1066,"method":null,"native":false},{"column":37,"file":"node:internal/modules/cjs/loader","function":"Module._load","line":1215,"method":"_load","native":false},{"column":14,"file":"node:diagnostics_channel","function":"TracingChannel.traceSync","line":322,"method":"traceSync","native":false},{"column":24,"file":"node:internal/modules/cjs/loader","function":"wrapModuleLoad","line":235,"method":null,"native":false},{"column":12,"file":"node:internal/modules/cjs/loader","function":"Module.require","line":1491,"method":"require","native":false},{"column":16,"file":"node:internal/modules/helpers","function":"require","line":135,"method":null,"native":false}]}
error: uncaughtException: Cannot find module 'nodemailer'
Require stack:
- C:\Users\johan\OneDrive\Desktop\Projects\Ethiopian_Recipe_Share\backend\src\utils\email.ts
- C:\Users\johan\OneDrive\Desktop\Projects\Ethiopian_Recipe_Share\backend\src\controllers\auth.controller.ts
- C:\Users\johan\OneDrive\Desktop\Projects\Ethiopian_Recipe_Share\backend\src\routes\index.ts
- C:\Users\johan\OneDrive\Desktop\Projects\Ethiopian_Recipe_Share\backend\src\app.ts
- C:\Users\johan\OneDrive\Desktop\Projects\Ethiopian_Recipe_Share\backend\src\index.ts
Error: Cannot find module 'nodemailer'
Require stack:
- C:\Users\johan\OneDrive\Desktop\Projects\Ethiopian_Recipe_Share\backend\src\utils\email.ts
- C:\Users\johan\OneDrive\Desktop\Projects\Ethiopian_Recipe_Share\backend\src\controllers\auth.controller.ts
- C:\Users\johan\OneDrive\Desktop\Projects\Ethiopian_Recipe_Share\backend\src\routes\index.ts
- C:\Users\johan\OneDrive\Desktop\Projects\Ethiopian_Recipe_Share\backend\src\app.ts
- C:\Users\johan\OneDrive\Desktop\Projects\Ethiopian_Recipe_Share\backend\src\index.ts
    at Module.<anonymous> (node:internal/modules/cjs/loader:1405:15)
    at Module._resolveFilename (C:\Users\johan\OneDrive\Desktop\Projects\Ethiopian_Recipe_Share\backend\node_modules\tsconfig-paths\src\register.ts:115:36)
    at Module._resolveFilename (C:\Users\johan\OneDrive\Desktop\Projects\Ethiopian_Recipe_Share\backend\node_modules\module-alias\index.js:49:29)
    at defaultResolveImpl (node:internal/modules/cjs/loader:1061:19)
    at resolveForCJSWithHooks (node:internal/modules/cjs/loader:1066:22)
    at Module._load (node:internal/modules/cjs/loader:1215:37)
    at TracingChannel.traceSync (node:diagnostics_channel:322:14)
    at wrapModuleLoad (node:internal/modules/cjs/loader:235:24)
    at Module.require (node:internal/modules/cjs/loader:1491:12)
    at require (node:internal/modules/helpers:135:16) {"date":"Fri May 30 2025 14:53:46 GMT+0300 (East Africa Time)","error":{"code":"MODULE_NOT_FOUND","requireStack":["C:\\Users\\johan\\OneDrive\\Desktop\\Projects\\Ethiopian_Recipe_Share\\backend\\src\\utils\\email.ts","C:\\Users\\johan\\OneDrive\\Desktop\\Projects\\Ethiopian_Recipe_Share\\backend\\src\\controllers\\auth.controller.ts","C:\\Users\\johan\\OneDrive\\Desktop\\Projects\\Ethiopian_Recipe_Share\\backend\\src\\routes\\index.ts","C:\\Users\\johan\\OneDrive\\Desktop\\Projects\\Ethiopian_Recipe_Share\\backend\\src\\app.ts","C:\\Users\\johan\\OneDrive\\Desktop\\Projects\\Ethiopian_Recipe_Share\\backend\\src\\index.ts"]},"exception":true,"os":{"loadavg":[0,0,0],"uptime":76111.984},"process":{"argv":["C:\\nvm4w\\nodejs\\node.exe","src/index.ts"],"cwd":"C:\\Users\\johan\\OneDrive\\Desktop\\Projects\\Ethiopian_Recipe_Share\\backend","execPath":"C:\\nvm4w\\nodejs\\node.exe","gid":null,"memoryUsage":{"arrayBuffers":18425754,"external":20705160,"heapTotal":58277888,"heapUsed":37102040,"rss":95801344},"pid":53216,"uid":null,"version":"v24.0.2"},"stack":"Error: Cannot find module 'nodemailer'\nRequire stack:\n- C:\\Users\\johan\\OneDrive\\Desktop\\Projects\\Ethiopian_Recipe_Share\\backend\\src\\utils\\email.ts\n- C:\\Users\\johan\\OneDrive\\Desktop\\Projects\\Ethiopian_Recipe_Share\\backend\\src\\controllers\\auth.controller.ts\n- C:\\Users\\johan\\OneDrive\\Desktop\\Projects\\Ethiopian_Recipe_Share\\backend\\src\\routes\\index.ts\n- C:\\Users\\johan\\OneDrive\\Desktop\\Projects\\Ethiopian_Recipe_Share\\backend\\src\\app.ts\n- C:\\Users\\johan\\OneDrive\\Desktop\\Projects\\Ethiopian_Recipe_Share\\backend\\src\\index.ts\n    at Module.<anonymous> (node:internal/modules/cjs/loader:1405:15)\n    at Module._resolveFilename (C:\\Users\\johan\\OneDrive\\Desktop\\Projects\\Ethiopian_Recipe_Share\\backend\\node_modules\\tsconfig-paths\\src\\register.ts:115:36)\n    at Module._resolveFilename (C:\\Users\\johan\\OneDrive\\Desktop\\Projects\\Ethiopian_Recipe_Share\\backend\\node_modules\\module-alias\\index.js:49:29)\n    at defaultResolveImpl (node:internal/modules/cjs/loader:1061:19)\n    at resolveForCJSWithHooks (node:internal/modules/cjs/loader:1066:22)\n    at Module._load (node:internal/modules/cjs/loader:1215:37)\n    at TracingChannel.traceSync (node:diagnostics_channel:322:14)\n    at wrapModuleLoad (node:internal/modules/cjs/loader:235:24)\n    at Module.require (node:internal/modules/cjs/loader:1491:12)\n    at require (node:internal/modules/helpers:135:16)","timestamp":"2025-05-30 14:53:46","trace":[{"column":15,"file":"node:internal/modules/cjs/loader","function":null,"line":1405,"method":null,"native":false},{"column":36,"file":"C:\\Users\\johan\\OneDrive\\Desktop\\Projects\\Ethiopian_Recipe_Share\\backend\\node_modules\\tsconfig-paths\\src\\register.ts","function":"Module._resolveFilename","line":115,"method":"_resolveFilename","native":false},{"column":29,"file":"C:\\Users\\johan\\OneDrive\\Desktop\\Projects\\Ethiopian_Recipe_Share\\backend\\node_modules\\module-alias\\index.js","function":"Module._resolveFilename","line":49,"method":"_resolveFilename","native":false},{"column":19,"file":"node:internal/modules/cjs/loader","function":"defaultResolveImpl","line":1061,"method":null,"native":false},{"column":22,"file":"node:internal/modules/cjs/loader","function":"resolveForCJSWithHooks","line":1066,"method":null,"native":false},{"column":37,"file":"node:internal/modules/cjs/loader","function":"Module._load","line":1215,"method":"_load","native":false},{"column":14,"file":"node:diagnostics_channel","function":"TracingChannel.traceSync","line":322,"method":"traceSync","native":false},{"column":24,"file":"node:internal/modules/cjs/loader","function":"wrapModuleLoad","line":235,"method":null,"native":false},{"column":12,"file":"node:internal/modules/cjs/loader","function":"Module.require","line":1491,"method":"require","native":false},{"column":16,"file":"node:internal/modules/helpers","function":"require","line":135,"method":null,"native":false}]}
error: uncaughtException: Cannot find module 'pug'
Require stack:
- C:\Users\johan\OneDrive\Desktop\Projects\Ethiopian_Recipe_Share\backend\src\utils\email.ts
- C:\Users\johan\OneDrive\Desktop\Projects\Ethiopian_Recipe_Share\backend\src\controllers\auth.controller.ts
- C:\Users\johan\OneDrive\Desktop\Projects\Ethiopian_Recipe_Share\backend\src\routes\index.ts
- C:\Users\johan\OneDrive\Desktop\Projects\Ethiopian_Recipe_Share\backend\src\app.ts
- C:\Users\johan\OneDrive\Desktop\Projects\Ethiopian_Recipe_Share\backend\src\index.ts
Error: Cannot find module 'pug'
Require stack:
- C:\Users\johan\OneDrive\Desktop\Projects\Ethiopian_Recipe_Share\backend\src\utils\email.ts
- C:\Users\johan\OneDrive\Desktop\Projects\Ethiopian_Recipe_Share\backend\src\controllers\auth.controller.ts
- C:\Users\johan\OneDrive\Desktop\Projects\Ethiopian_Recipe_Share\backend\src\routes\index.ts
- C:\Users\johan\OneDrive\Desktop\Projects\Ethiopian_Recipe_Share\backend\src\app.ts
- C:\Users\johan\OneDrive\Desktop\Projects\Ethiopian_Recipe_Share\backend\src\index.ts
    at Module.<anonymous> (node:internal/modules/cjs/loader:1405:15)
    at Module._resolveFilename (C:\Users\johan\OneDrive\Desktop\Projects\Ethiopian_Recipe_Share\backend\node_modules\tsconfig-paths\src\register.ts:115:36)
    at Module._resolveFilename (C:\Users\johan\OneDrive\Desktop\Projects\Ethiopian_Recipe_Share\backend\node_modules\module-alias\index.js:49:29)
    at defaultResolveImpl (node:internal/modules/cjs/loader:1061:19)
    at resolveForCJSWithHooks (node:internal/modules/cjs/loader:1066:22)
    at Module._load (node:internal/modules/cjs/loader:1215:37)
    at TracingChannel.traceSync (node:diagnostics_channel:322:14)
    at wrapModuleLoad (node:internal/modules/cjs/loader:235:24)
    at Module.require (node:internal/modules/cjs/loader:1491:12)
    at require (node:internal/modules/helpers:135:16) {"date":"Fri May 30 2025 14:54:24 GMT+0300 (East Africa Time)","error":{"code":"MODULE_NOT_FOUND","requireStack":["C:\\Users\\johan\\OneDrive\\Desktop\\Projects\\Ethiopian_Recipe_Share\\backend\\src\\utils\\email.ts","C:\\Users\\johan\\OneDrive\\Desktop\\Projects\\Ethiopian_Recipe_Share\\backend\\src\\controllers\\auth.controller.ts","C:\\Users\\johan\\OneDrive\\Desktop\\Projects\\Ethiopian_Recipe_Share\\backend\\src\\routes\\index.ts","C:\\Users\\johan\\OneDrive\\Desktop\\Projects\\Ethiopian_Recipe_Share\\backend\\src\\app.ts","C:\\Users\\johan\\OneDrive\\Desktop\\Projects\\Ethiopian_Recipe_Share\\backend\\src\\index.ts"]},"exception":true,"os":{"loadavg":[0,0,0],"uptime":76150.093},"process":{"argv":["C:\\nvm4w\\nodejs\\node.exe","src/index.ts"],"cwd":"C:\\Users\\johan\\OneDrive\\Desktop\\Projects\\Ethiopian_Recipe_Share\\backend","execPath":"C:\\nvm4w\\nodejs\\node.exe","gid":null,"memoryUsage":{"arrayBuffers":18431518,"external":20705160,"heapTotal":58277888,"heapUsed":39344400,"rss":99352576},"pid":52580,"uid":null,"version":"v24.0.2"},"stack":"Error: Cannot find module 'pug'\nRequire stack:\n- C:\\Users\\johan\\OneDrive\\Desktop\\Projects\\Ethiopian_Recipe_Share\\backend\\src\\utils\\email.ts\n- C:\\Users\\johan\\OneDrive\\Desktop\\Projects\\Ethiopian_Recipe_Share\\backend\\src\\controllers\\auth.controller.ts\n- C:\\Users\\johan\\OneDrive\\Desktop\\Projects\\Ethiopian_Recipe_Share\\backend\\src\\routes\\index.ts\n- C:\\Users\\johan\\OneDrive\\Desktop\\Projects\\Ethiopian_Recipe_Share\\backend\\src\\app.ts\n- C:\\Users\\johan\\OneDrive\\Desktop\\Projects\\Ethiopian_Recipe_Share\\backend\\src\\index.ts\n    at Module.<anonymous> (node:internal/modules/cjs/loader:1405:15)\n    at Module._resolveFilename (C:\\Users\\johan\\OneDrive\\Desktop\\Projects\\Ethiopian_Recipe_Share\\backend\\node_modules\\tsconfig-paths\\src\\register.ts:115:36)\n    at Module._resolveFilename (C:\\Users\\johan\\OneDrive\\Desktop\\Projects\\Ethiopian_Recipe_Share\\backend\\node_modules\\module-alias\\index.js:49:29)\n    at defaultResolveImpl (node:internal/modules/cjs/loader:1061:19)\n    at resolveForCJSWithHooks (node:internal/modules/cjs/loader:1066:22)\n    at Module._load (node:internal/modules/cjs/loader:1215:37)\n    at TracingChannel.traceSync (node:diagnostics_channel:322:14)\n    at wrapModuleLoad (node:internal/modules/cjs/loader:235:24)\n    at Module.require (node:internal/modules/cjs/loader:1491:12)\n    at require (node:internal/modules/helpers:135:16)","timestamp":"2025-05-30 14:54:24","trace":[{"column":15,"file":"node:internal/modules/cjs/loader","function":null,"line":1405,"method":null,"native":false},{"column":36,"file":"C:\\Users\\johan\\OneDrive\\Desktop\\Projects\\Ethiopian_Recipe_Share\\backend\\node_modules\\tsconfig-paths\\src\\register.ts","function":"Module._resolveFilename","line":115,"method":"_resolveFilename","native":false},{"column":29,"file":"C:\\Users\\johan\\OneDrive\\Desktop\\Projects\\Ethiopian_Recipe_Share\\backend\\node_modules\\module-alias\\index.js","function":"Module._resolveFilename","line":49,"method":"_resolveFilename","native":false},{"column":19,"file":"node:internal/modules/cjs/loader","function":"defaultResolveImpl","line":1061,"method":null,"native":false},{"column":22,"file":"node:internal/modules/cjs/loader","function":"resolveForCJSWithHooks","line":1066,"method":null,"native":false},{"column":37,"file":"node:internal/modules/cjs/loader","function":"Module._load","line":1215,"method":"_load","native":false},{"column":14,"file":"node:diagnostics_channel","function":"TracingChannel.traceSync","line":322,"method":"traceSync","native":false},{"column":24,"file":"node:internal/modules/cjs/loader","function":"wrapModuleLoad","line":235,"method":null,"native":false},{"column":12,"file":"node:internal/modules/cjs/loader","function":"Module.require","line":1491,"method":"require","native":false},{"column":16,"file":"node:internal/modules/helpers","function":"require","line":135,"method":null,"native":false}]}
error: uncaughtException: Cannot find module 'pug'
Require stack:
- C:\Users\johan\OneDrive\Desktop\Projects\Ethiopian_Recipe_Share\backend\src\utils\email.ts
- C:\Users\johan\OneDrive\Desktop\Projects\Ethiopian_Recipe_Share\backend\src\controllers\auth.controller.ts
- C:\Users\johan\OneDrive\Desktop\Projects\Ethiopian_Recipe_Share\backend\src\routes\index.ts
- C:\Users\johan\OneDrive\Desktop\Projects\Ethiopian_Recipe_Share\backend\src\app.ts
- C:\Users\johan\OneDrive\Desktop\Projects\Ethiopian_Recipe_Share\backend\src\index.ts
Error: Cannot find module 'pug'
Require stack:
- C:\Users\johan\OneDrive\Desktop\Projects\Ethiopian_Recipe_Share\backend\src\utils\email.ts
- C:\Users\johan\OneDrive\Desktop\Projects\Ethiopian_Recipe_Share\backend\src\controllers\auth.controller.ts
- C:\Users\johan\OneDrive\Desktop\Projects\Ethiopian_Recipe_Share\backend\src\routes\index.ts
- C:\Users\johan\OneDrive\Desktop\Projects\Ethiopian_Recipe_Share\backend\src\app.ts
- C:\Users\johan\OneDrive\Desktop\Projects\Ethiopian_Recipe_Share\backend\src\index.ts
    at Module.<anonymous> (node:internal/modules/cjs/loader:1405:15)
    at Module._resolveFilename (C:\Users\johan\OneDrive\Desktop\Projects\Ethiopian_Recipe_Share\backend\node_modules\tsconfig-paths\src\register.ts:115:36)
    at Module._resolveFilename (C:\Users\johan\OneDrive\Desktop\Projects\Ethiopian_Recipe_Share\backend\node_modules\module-alias\index.js:49:29)
    at defaultResolveImpl (node:internal/modules/cjs/loader:1061:19)
    at resolveForCJSWithHooks (node:internal/modules/cjs/loader:1066:22)
    at Module._load (node:internal/modules/cjs/loader:1215:37)
    at TracingChannel.traceSync (node:diagnostics_channel:322:14)
    at wrapModuleLoad (node:internal/modules/cjs/loader:235:24)
    at Module.require (node:internal/modules/cjs/loader:1491:12)
    at require (node:internal/modules/helpers:135:16) {"date":"Fri May 30 2025 14:54:30 GMT+0300 (East Africa Time)","error":{"code":"MODULE_NOT_FOUND","requireStack":["C:\\Users\\johan\\OneDrive\\Desktop\\Projects\\Ethiopian_Recipe_Share\\backend\\src\\utils\\email.ts","C:\\Users\\johan\\OneDrive\\Desktop\\Projects\\Ethiopian_Recipe_Share\\backend\\src\\controllers\\auth.controller.ts","C:\\Users\\johan\\OneDrive\\Desktop\\Projects\\Ethiopian_Recipe_Share\\backend\\src\\routes\\index.ts","C:\\Users\\johan\\OneDrive\\Desktop\\Projects\\Ethiopian_Recipe_Share\\backend\\src\\app.ts","C:\\Users\\johan\\OneDrive\\Desktop\\Projects\\Ethiopian_Recipe_Share\\backend\\src\\index.ts"]},"exception":true,"os":{"loadavg":[0,0,0],"uptime":76155.39},"process":{"argv":["C:\\nvm4w\\nodejs\\node.exe","src/index.ts"],"cwd":"C:\\Users\\johan\\OneDrive\\Desktop\\Projects\\Ethiopian_Recipe_Share\\backend","execPath":"C:\\nvm4w\\nodejs\\node.exe","gid":null,"memoryUsage":{"arrayBuffers":18431517,"external":20705160,"heapTotal":58802176,"heapUsed":27350744,"rss":96796672},"pid":53356,"uid":null,"version":"v24.0.2"},"stack":"Error: Cannot find module 'pug'\nRequire stack:\n- C:\\Users\\johan\\OneDrive\\Desktop\\Projects\\Ethiopian_Recipe_Share\\backend\\src\\utils\\email.ts\n- C:\\Users\\johan\\OneDrive\\Desktop\\Projects\\Ethiopian_Recipe_Share\\backend\\src\\controllers\\auth.controller.ts\n- C:\\Users\\johan\\OneDrive\\Desktop\\Projects\\Ethiopian_Recipe_Share\\backend\\src\\routes\\index.ts\n- C:\\Users\\johan\\OneDrive\\Desktop\\Projects\\Ethiopian_Recipe_Share\\backend\\src\\app.ts\n- C:\\Users\\johan\\OneDrive\\Desktop\\Projects\\Ethiopian_Recipe_Share\\backend\\src\\index.ts\n    at Module.<anonymous> (node:internal/modules/cjs/loader:1405:15)\n    at Module._resolveFilename (C:\\Users\\johan\\OneDrive\\Desktop\\Projects\\Ethiopian_Recipe_Share\\backend\\node_modules\\tsconfig-paths\\src\\register.ts:115:36)\n    at Module._resolveFilename (C:\\Users\\johan\\OneDrive\\Desktop\\Projects\\Ethiopian_Recipe_Share\\backend\\node_modules\\module-alias\\index.js:49:29)\n    at defaultResolveImpl (node:internal/modules/cjs/loader:1061:19)\n    at resolveForCJSWithHooks (node:internal/modules/cjs/loader:1066:22)\n    at Module._load (node:internal/modules/cjs/loader:1215:37)\n    at TracingChannel.traceSync (node:diagnostics_channel:322:14)\n    at wrapModuleLoad (node:internal/modules/cjs/loader:235:24)\n    at Module.require (node:internal/modules/cjs/loader:1491:12)\n    at require (node:internal/modules/helpers:135:16)","timestamp":"2025-05-30 14:54:30","trace":[{"column":15,"file":"node:internal/modules/cjs/loader","function":null,"line":1405,"method":null,"native":false},{"column":36,"file":"C:\\Users\\johan\\OneDrive\\Desktop\\Projects\\Ethiopian_Recipe_Share\\backend\\node_modules\\tsconfig-paths\\src\\register.ts","function":"Module._resolveFilename","line":115,"method":"_resolveFilename","native":false},{"column":29,"file":"C:\\Users\\johan\\OneDrive\\Desktop\\Projects\\Ethiopian_Recipe_Share\\backend\\node_modules\\module-alias\\index.js","function":"Module._resolveFilename","line":49,"method":"_resolveFilename","native":false},{"column":19,"file":"node:internal/modules/cjs/loader","function":"defaultResolveImpl","line":1061,"method":null,"native":false},{"column":22,"file":"node:internal/modules/cjs/loader","function":"resolveForCJSWithHooks","line":1066,"method":null,"native":false},{"column":37,"file":"node:internal/modules/cjs/loader","function":"Module._load","line":1215,"method":"_load","native":false},{"column":14,"file":"node:diagnostics_channel","function":"TracingChannel.traceSync","line":322,"method":"traceSync","native":false},{"column":24,"file":"node:internal/modules/cjs/loader","function":"wrapModuleLoad","line":235,"method":null,"native":false},{"column":12,"file":"node:internal/modules/cjs/loader","function":"Module.require","line":1491,"method":"require","native":false},{"column":16,"file":"node:internal/modules/helpers","function":"require","line":135,"method":null,"native":false}]}
error: uncaughtException: Cannot find module 'pug'
Require stack:
- C:\Users\johan\OneDrive\Desktop\Projects\Ethiopian_Recipe_Share\backend\src\utils\email.ts
- C:\Users\johan\OneDrive\Desktop\Projects\Ethiopian_Recipe_Share\backend\src\controllers\auth.controller.ts
- C:\Users\johan\OneDrive\Desktop\Projects\Ethiopian_Recipe_Share\backend\src\routes\index.ts
- C:\Users\johan\OneDrive\Desktop\Projects\Ethiopian_Recipe_Share\backend\src\app.ts
- C:\Users\johan\OneDrive\Desktop\Projects\Ethiopian_Recipe_Share\backend\src\index.ts
Error: Cannot find module 'pug'
Require stack:
- C:\Users\johan\OneDrive\Desktop\Projects\Ethiopian_Recipe_Share\backend\src\utils\email.ts
- C:\Users\johan\OneDrive\Desktop\Projects\Ethiopian_Recipe_Share\backend\src\controllers\auth.controller.ts
- C:\Users\johan\OneDrive\Desktop\Projects\Ethiopian_Recipe_Share\backend\src\routes\index.ts
- C:\Users\johan\OneDrive\Desktop\Projects\Ethiopian_Recipe_Share\backend\src\app.ts
- C:\Users\johan\OneDrive\Desktop\Projects\Ethiopian_Recipe_Share\backend\src\index.ts
    at Module.<anonymous> (node:internal/modules/cjs/loader:1405:15)
    at Module._resolveFilename (C:\Users\johan\OneDrive\Desktop\Projects\Ethiopian_Recipe_Share\backend\node_modules\tsconfig-paths\src\register.ts:115:36)
    at Module._resolveFilename (C:\Users\johan\OneDrive\Desktop\Projects\Ethiopian_Recipe_Share\backend\node_modules\module-alias\index.js:49:29)
    at defaultResolveImpl (node:internal/modules/cjs/loader:1061:19)
    at resolveForCJSWithHooks (node:internal/modules/cjs/loader:1066:22)
    at Module._load (node:internal/modules/cjs/loader:1215:37)
    at TracingChannel.traceSync (node:diagnostics_channel:322:14)
    at wrapModuleLoad (node:internal/modules/cjs/loader:235:24)
    at Module.require (node:internal/modules/cjs/loader:1491:12)
    at require (node:internal/modules/helpers:135:16) {"date":"Fri May 30 2025 14:55:01 GMT+0300 (East Africa Time)","error":{"code":"MODULE_NOT_FOUND","requireStack":["C:\\Users\\johan\\OneDrive\\Desktop\\Projects\\Ethiopian_Recipe_Share\\backend\\src\\utils\\email.ts","C:\\Users\\johan\\OneDrive\\Desktop\\Projects\\Ethiopian_Recipe_Share\\backend\\src\\controllers\\auth.controller.ts","C:\\Users\\johan\\OneDrive\\Desktop\\Projects\\Ethiopian_Recipe_Share\\backend\\src\\routes\\index.ts","C:\\Users\\johan\\OneDrive\\Desktop\\Projects\\Ethiopian_Recipe_Share\\backend\\src\\app.ts","C:\\Users\\johan\\OneDrive\\Desktop\\Projects\\Ethiopian_Recipe_Share\\backend\\src\\index.ts"]},"exception":true,"os":{"loadavg":[0,0,0],"uptime":76187.031},"process":{"argv":["C:\\nvm4w\\nodejs\\node.exe","src/index.ts"],"cwd":"C:\\Users\\johan\\OneDrive\\Desktop\\Projects\\Ethiopian_Recipe_Share\\backend","execPath":"C:\\nvm4w\\nodejs\\node.exe","gid":null,"memoryUsage":{"arrayBuffers":18431517,"external":20705160,"heapTotal":59064320,"heapUsed":26987816,"rss":96284672},"pid":46628,"uid":null,"version":"v24.0.2"},"stack":"Error: Cannot find module 'pug'\nRequire stack:\n- C:\\Users\\johan\\OneDrive\\Desktop\\Projects\\Ethiopian_Recipe_Share\\backend\\src\\utils\\email.ts\n- C:\\Users\\johan\\OneDrive\\Desktop\\Projects\\Ethiopian_Recipe_Share\\backend\\src\\controllers\\auth.controller.ts\n- C:\\Users\\johan\\OneDrive\\Desktop\\Projects\\Ethiopian_Recipe_Share\\backend\\src\\routes\\index.ts\n- C:\\Users\\johan\\OneDrive\\Desktop\\Projects\\Ethiopian_Recipe_Share\\backend\\src\\app.ts\n- C:\\Users\\johan\\OneDrive\\Desktop\\Projects\\Ethiopian_Recipe_Share\\backend\\src\\index.ts\n    at Module.<anonymous> (node:internal/modules/cjs/loader:1405:15)\n    at Module._resolveFilename (C:\\Users\\johan\\OneDrive\\Desktop\\Projects\\Ethiopian_Recipe_Share\\backend\\node_modules\\tsconfig-paths\\src\\register.ts:115:36)\n    at Module._resolveFilename (C:\\Users\\johan\\OneDrive\\Desktop\\Projects\\Ethiopian_Recipe_Share\\backend\\node_modules\\module-alias\\index.js:49:29)\n    at defaultResolveImpl (node:internal/modules/cjs/loader:1061:19)\n    at resolveForCJSWithHooks (node:internal/modules/cjs/loader:1066:22)\n    at Module._load (node:internal/modules/cjs/loader:1215:37)\n    at TracingChannel.traceSync (node:diagnostics_channel:322:14)\n    at wrapModuleLoad (node:internal/modules/cjs/loader:235:24)\n    at Module.require (node:internal/modules/cjs/loader:1491:12)\n    at require (node:internal/modules/helpers:135:16)","timestamp":"2025-05-30 14:55:01","trace":[{"column":15,"file":"node:internal/modules/cjs/loader","function":null,"line":1405,"method":null,"native":false},{"column":36,"file":"C:\\Users\\johan\\OneDrive\\Desktop\\Projects\\Ethiopian_Recipe_Share\\backend\\node_modules\\tsconfig-paths\\src\\register.ts","function":"Module._resolveFilename","line":115,"method":"_resolveFilename","native":false},{"column":29,"file":"C:\\Users\\johan\\OneDrive\\Desktop\\Projects\\Ethiopian_Recipe_Share\\backend\\node_modules\\module-alias\\index.js","function":"Module._resolveFilename","line":49,"method":"_resolveFilename","native":false},{"column":19,"file":"node:internal/modules/cjs/loader","function":"defaultResolveImpl","line":1061,"method":null,"native":false},{"column":22,"file":"node:internal/modules/cjs/loader","function":"resolveForCJSWithHooks","line":1066,"method":null,"native":false},{"column":37,"file":"node:internal/modules/cjs/loader","function":"Module._load","line":1215,"method":"_load","native":false},{"column":14,"file":"node:diagnostics_channel","function":"TracingChannel.traceSync","line":322,"method":"traceSync","native":false},{"column":24,"file":"node:internal/modules/cjs/loader","function":"wrapModuleLoad","line":235,"method":null,"native":false},{"column":12,"file":"node:internal/modules/cjs/loader","function":"Module.require","line":1491,"method":"require","native":false},{"column":16,"file":"node:internal/modules/helpers","function":"require","line":135,"method":null,"native":false}]}
error: uncaughtException: logger.addColors is not a function
TypeError: logger.addColors is not a function
    at Object.<anonymous> (C:\Users\johan\OneDrive\Desktop\Projects\Ethiopian_Recipe_Share\backend\src\utils\logger.ts:71:8)
    at Module.<anonymous> (node:internal/modules/cjs/loader:1734:14)
    at Module._compile (C:\Users\johan\OneDrive\Desktop\Projects\Ethiopian_Recipe_Share\backend\node_modules\source-map-support\source-map-support.js:521:25)
    at Module.m._compile (C:\Users\johan\AppData\Local\Temp\ts-node-dev-hook-240449458357341.js:69:33)
    at loadTS (node:internal/modules/cjs/loader:1826:10)
    at require.extensions.<computed> (C:\Users\johan\AppData\Local\Temp\ts-node-dev-hook-240449458357341.js:71:20)
    at Object.nodeDevHook [as .ts] (C:\Users\johan\OneDrive\Desktop\Projects\Ethiopian_Recipe_Share\backend\node_modules\ts-node-dev\lib\hook.js:63:13)
    at Module.load (node:internal/modules/cjs/loader:1469:32)
    at Module._load (node:internal/modules/cjs/loader:1286:12)
    at TracingChannel.traceSync (node:diagnostics_channel:322:14) {"date":"Fri May 30 2025 16:49:58 GMT+0300 (East Africa Time)","error":{},"exception":true,"os":{"loadavg":[0,0,0],"uptime":1797.75},"process":{"argv":["C:\\nvm4w\\nodejs\\node.exe","src/index.ts"],"cwd":"C:\\Users\\johan\\OneDrive\\Desktop\\Projects\\Ethiopian_Recipe_Share\\backend","execPath":"C:\\nvm4w\\nodejs\\node.exe","gid":null,"memoryUsage":{"arrayBuffers":18416682,"external":20709698,"heapTotal":57229312,"heapUsed":33081464,"rss":89878528},"pid":9060,"uid":null,"version":"v24.0.2"},"stack":"TypeError: logger.addColors is not a function\n    at Object.<anonymous> (C:\\Users\\johan\\OneDrive\\Desktop\\Projects\\Ethiopian_Recipe_Share\\backend\\src\\utils\\logger.ts:71:8)\n    at Module.<anonymous> (node:internal/modules/cjs/loader:1734:14)\n    at Module._compile (C:\\Users\\johan\\OneDrive\\Desktop\\Projects\\Ethiopian_Recipe_Share\\backend\\node_modules\\source-map-support\\source-map-support.js:521:25)\n    at Module.m._compile (C:\\Users\\johan\\AppData\\Local\\Temp\\ts-node-dev-hook-240449458357341.js:69:33)\n    at loadTS (node:internal/modules/cjs/loader:1826:10)\n    at require.extensions.<computed> (C:\\Users\\johan\\AppData\\Local\\Temp\\ts-node-dev-hook-240449458357341.js:71:20)\n    at Object.nodeDevHook [as .ts] (C:\\Users\\johan\\OneDrive\\Desktop\\Projects\\Ethiopian_Recipe_Share\\backend\\node_modules\\ts-node-dev\\lib\\hook.js:63:13)\n    at Module.load (node:internal/modules/cjs/loader:1469:32)\n    at Module._load (node:internal/modules/cjs/loader:1286:12)\n    at TracingChannel.traceSync (node:diagnostics_channel:322:14)","timestamp":"2025-05-30 16:49:58","trace":[{"column":8,"file":"C:\\Users\\johan\\OneDrive\\Desktop\\Projects\\Ethiopian_Recipe_Share\\backend\\src\\utils\\logger.ts","function":null,"line":71,"method":null,"native":false},{"column":14,"file":"node:internal/modules/cjs/loader","function":null,"line":1734,"method":null,"native":false},{"column":25,"file":"C:\\Users\\johan\\OneDrive\\Desktop\\Projects\\Ethiopian_Recipe_Share\\backend\\node_modules\\source-map-support\\source-map-support.js","function":"Module._compile","line":521,"method":"_compile","native":false},{"column":33,"file":"C:\\Users\\johan\\AppData\\Local\\Temp\\ts-node-dev-hook-240449458357341.js","function":"Module.m._compile","line":69,"method":"_compile","native":false},{"column":10,"file":"node:internal/modules/cjs/loader","function":"loadTS","line":1826,"method":null,"native":false},{"column":20,"file":"C:\\Users\\johan\\AppData\\Local\\Temp\\ts-node-dev-hook-240449458357341.js","function":"require.extensions.<computed>","line":71,"method":"<computed>","native":false},{"column":13,"file":"C:\\Users\\johan\\OneDrive\\Desktop\\Projects\\Ethiopian_Recipe_Share\\backend\\node_modules\\ts-node-dev\\lib\\hook.js","function":"Object.nodeDevHook [as .ts]","line":63,"method":"ts]","native":false},{"column":32,"file":"node:internal/modules/cjs/loader","function":"Module.load","line":1469,"method":"load","native":false},{"column":12,"file":"node:internal/modules/cjs/loader","function":"Module._load","line":1286,"method":"_load","native":false},{"column":14,"file":"node:diagnostics_channel","function":"TracingChannel.traceSync","line":322,"method":"traceSync","native":false}]}
